#
# There is insufficient memory for the Java Runtime Environment to continue.
# Native memory allocation (malloc) failed to allocate 421616 bytes for Chunk::new
# Possible reasons:
#   The system is out of physical RAM or swap space
#   In 32 bit mode, the process size limit was hit
# Possible solutions:
#   Reduce memory load on the system
#   Increase physical memory or swap space
#   Check if swap backing store is full
#   Use 64 bit Java on a 64 bit OS
#   Decrease Java heap size (-Xmx/-Xms)
#   Decrease number of Java threads
#   Decrease Java thread stack sizes (-Xss)
#   Set larger code cache with -XX:ReservedCodeCacheSize=
# This output file may be truncated or incomplete.
#
#  Out of Memory Error (allocation.cpp:390), pid=7548, tid=7928
#
# JRE version: Java(TM) SE Runtime Environment (8.0_65-b17) (build 1.8.0_65-b17)
# Java VM: Java HotSpot(TM) 64-Bit Server VM (25.65-b01 mixed mode windows-amd64 compressed oops)
# Failed to write core dump. Minidumps are not enabled by default on client versions of Windows
#

---------------  T H R E A D  ---------------

Current thread (0x0000000054d93000):  JavaThread "C2 CompilerThread1" daemon [_thread_in_native, id=7928, stack(0x0000000056690000,0x0000000056790000)]

Stack: [0x0000000056690000,0x0000000056790000]
[error occurred during error reporting (printing stack bounds), id 0xc0000005]

Native frames: (J=compiled Java code, j=interpreted, Vv=VM code, C=native code)


Current CompileTask:
C2:   1510 1144   !   4       com.android.dx.cf.code.BytecodeArray::parseInstruction (2764 bytes)


---------------  P R O C E S S  ---------------

Java Threads: ( => current thread )
  0x0000000056ba2000 JavaThread "pool-1-thread-4" [_thread_blocked, id=6676, stack(0x0000000057670000,0x0000000057770000)]
  0x0000000056b94800 JavaThread "pool-1-thread-3" [_thread_in_vm, id=5260, stack(0x0000000057500000,0x0000000057600000)]
  0x0000000056b93800 JavaThread "pool-1-thread-2" [_thread_in_Java, id=4760, stack(0x00000000561d0000,0x00000000562d0000)]
  0x0000000056b8d000 JavaThread "pool-2-thread-1" [_thread_blocked, id=6804, stack(0x0000000057270000,0x0000000057370000)]
  0x0000000056b8c800 JavaThread "pool-1-thread-1" [_thread_in_Java, id=7564, stack(0x0000000057170000,0x0000000057270000)]
  0x0000000054d96800 JavaThread "Service Thread" daemon [_thread_blocked, id=2280, stack(0x0000000056e20000,0x0000000056f20000)]
  0x0000000054d94000 JavaThread "C1 CompilerThread2" daemon [_thread_blocked, id=1396, stack(0x0000000056820000,0x0000000056920000)]
=>0x0000000054d93000 JavaThread "C2 CompilerThread1" daemon [_thread_in_native, id=7928, stack(0x0000000056690000,0x0000000056790000)]
  0x0000000054d8f800 JavaThread "C2 CompilerThread0" daemon [_thread_in_native, id=5868, stack(0x0000000056590000,0x0000000056690000)]
  0x0000000054d9d800 JavaThread "Attach Listener" daemon [_thread_blocked, id=6976, stack(0x0000000056470000,0x0000000056570000)]
  0x0000000054d9c000 JavaThread "Signal Dispatcher" daemon [_thread_blocked, id=6200, stack(0x0000000056350000,0x0000000056450000)]
  0x0000000054d31000 JavaThread "Finalizer" daemon [_thread_blocked, id=6508, stack(0x0000000055f90000,0x0000000056090000)]
  0x0000000054d30000 JavaThread "Reference Handler" daemon [_thread_blocked, id=6996, stack(0x00000000560b0000,0x00000000561b0000)]
  0x00000000020be000 JavaThread "main" [_thread_blocked, id=1148, stack(0x00000000020f0000,0x00000000021f0000)]

Other Threads:
  0x0000000054d2a800 VMThread [stack: 0x0000000055de0000,0x0000000055ee0000] [id=4312]
  0x00000000569c0000 WatcherThread [stack: 0x0000000057040000,0x0000000057140000] [id=7656]

VM state:not at safepoint (normal execution)

VM Mutex/Monitor currently owned by a thread: None

Heap:
 PSYoungGen      total 38400K, used 12422K [0x00000000eab00000, 0x00000000ef600000, 0x0000000100000000)
  eden space 33280K, 21% used [0x00000000eab00000,0x00000000eb225a20,0x00000000ecb80000)
  from space 5120K, 99% used [0x00000000ecb80000,0x00000000ed07c068,0x00000000ed080000)
  to   space 5120K, 0% used [0x00000000ef100000,0x00000000ef100000,0x00000000ef600000)
 ParOldGen       total 87552K, used 1875K [0x00000000c0000000, 0x00000000c5580000, 0x00000000eab00000)
  object space 87552K, 2% used [0x00000000c0000000,0x00000000c01d4c00,0x00000000c5580000)
 Metaspace       used 5938K, capacity 6960K, committed 7040K, reserved 1056768K
  class space    used 592K, capacity 616K, committed 640K, reserved 1048576K

Card table byte_map: [0x0000000011880000,0x0000000011a90000] byte_map_base: 0x0000000011280000

Marking Bits: (ParMarkBitMap*) 0x00000000590fa5b0
 Begin Bits: [0x00000000121a0000, 0x00000000131a0000)
 End Bits:   [0x00000000131a0000, 0x00000000141a0000)

Polling page: 0x0000000000110000

CodeCache: size=245760Kb used=4906Kb max_used=4906Kb free=240853Kb
 bounds [0x00000000024c0000, 0x0000000002990000, 0x00000000114c0000]
 total_blobs=1511 nmethods=1241 adapters=182
 compilation: disabled (not enough contiguous free space left)

Compilation events (10 events):
Event: 1.476 Thread 0x0000000054d94000 nmethod 1198 0x0000000002964e50 code [0x00000000029651a0, 0x00000000029671f8]
Event: 1.478 Thread 0x0000000054d94000 1200       3       com.android.dx.rop.type.Type::isIntlike (56 bytes)
Event: 1.478 Thread 0x0000000054d94000 nmethod 1200 0x0000000002968510 code [0x0000000002968660, 0x00000000029687f0]
Event: 1.479 Thread 0x0000000054d94000 1201       3       com.android.dx.cf.code.Merger::mergeType (142 bytes)
Event: 1.480 Thread 0x0000000054d94000 nmethod 1201 0x0000000002968890 code [0x0000000002968b40, 0x0000000002969fa8]
Event: 1.480 Thread 0x0000000054d94000 1202       3       com.android.dx.ssa.SsaMethod$2::visitPhiInsn (6 bytes)
Event: 1.481 Thread 0x0000000054d94000 nmethod 1202 0x000000000296a690 code [0x000000000296a800, 0x000000000296a988]
Event: 1.481 Thread 0x0000000054d94000 1203       3       java.util.TreeMap$Values::<init> (10 bytes)
Event: 1.481 Thread 0x0000000054d94000 nmethod 1203 0x000000000296aa10 code [0x000000000296ab80, 0x000000000296adb0]
Event: 1.482 Thread 0x0000000054d94000 1204       3       com.android.dx.rop.cst.CstBaseMethodRef::isClassInit (8 bytes)

GC Heap History (2 events):
Event: 1.200 GC heap before
{Heap before GC invocations=1 (full 0):
 PSYoungGen      total 38400K, used 33280K [0x00000000eab00000, 0x00000000ed580000, 0x0000000100000000)
  eden space 33280K, 100% used [0x00000000eab00000,0x00000000ecb80000,0x00000000ecb80000)
  from space 5120K, 0% used [0x00000000ed080000,0x00000000ed080000,0x00000000ed580000)
  to   space 5120K, 0% used [0x00000000ecb80000,0x00000000ecb80000,0x00000000ed080000)
 ParOldGen       total 87552K, used 0K [0x00000000c0000000, 0x00000000c5580000, 0x00000000eab00000)
  object space 87552K, 0% used [0x00000000c0000000,0x00000000c0000000,0x00000000c5580000)
 Metaspace       used 5879K, capacity 6896K, committed 7040K, reserved 1056768K
  class space    used 592K, capacity 616K, committed 640K, reserved 1048576K
Event: 1.381 GC heap after
Heap after GC invocations=1 (full 0):
 PSYoungGen      total 38400K, used 5104K [0x00000000eab00000, 0x00000000ef600000, 0x0000000100000000)
  eden space 33280K, 0% used [0x00000000eab00000,0x00000000eab00000,0x00000000ecb80000)
  from space 5120K, 99% used [0x00000000ecb80000,0x00000000ed07c068,0x00000000ed080000)
  to   space 5120K, 0% used [0x00000000ef100000,0x00000000ef100000,0x00000000ef600000)
 ParOldGen       total 87552K, used 1875K [0x00000000c0000000, 0x00000000c5580000, 0x00000000eab00000)
  object space 87552K, 2% used [0x00000000c0000000,0x00000000c01d4c00,0x00000000c5580000)
 Metaspace       used 5879K, capacity 6896K, committed 7040K, reserved 1056768K
  class space    used 592K, capacity 616K, committed 640K, reserved 1048576K
}

Deoptimization events (10 events):
Event: 0.879 Thread 0x0000000056ba2000 Uncommon trap: reason=class_check action=maybe_recompile pc=0x000000000270da60 method=com.android.dx.ssa.NormalSsaInsn.accept(Lcom/android/dx/ssa/SsaInsn$Visitor;)V @ 9
Event: 0.880 Thread 0x0000000056ba2000 Uncommon trap: reason=class_check action=maybe_recompile pc=0x000000000270da60 method=com.android.dx.ssa.NormalSsaInsn.accept(Lcom/android/dx/ssa/SsaInsn$Visitor;)V @ 9
Event: 0.880 Thread 0x0000000056ba2000 Uncommon trap: reason=class_check action=maybe_recompile pc=0x000000000270da60 method=com.android.dx.ssa.NormalSsaInsn.accept(Lcom/android/dx/ssa/SsaInsn$Visitor;)V @ 9
Event: 1.124 Thread 0x0000000056b94800 Uncommon trap: reason=unstable_if action=reinterpret pc=0x00000000028dbdf0 method=com.android.dx.ssa.SsaRenamer$BlockRenamer.addMapping(ILcom/android/dx/rop/code/RegisterSpec;)V @ 120
Event: 1.152 Thread 0x0000000056b93800 Uncommon trap: reason=bimorphic action=maybe_recompile pc=0x0000000002831388 method=java.util.HashMap.getNode(ILjava/lang/Object;)Ljava/util/HashMap$Node; @ 126
Event: 1.152 Thread 0x0000000056b93800 Uncommon trap: reason=bimorphic action=maybe_recompile pc=0x0000000002831388 method=java.util.HashMap.getNode(ILjava/lang/Object;)Ljava/util/HashMap$Node; @ 126
Event: 1.152 Thread 0x0000000056b93800 Uncommon trap: reason=bimorphic action=maybe_recompile pc=0x0000000002831388 method=java.util.HashMap.getNode(ILjava/lang/Object;)Ljava/util/HashMap$Node; @ 126
Event: 1.157 Thread 0x0000000056b8c800 Uncommon trap: reason=bimorphic action=maybe_recompile pc=0x0000000002831388 method=java.util.HashMap.getNode(ILjava/lang/Object;)Ljava/util/HashMap$Node; @ 126
Event: 1.179 Thread 0x0000000056b93800 Uncommon trap: reason=null_check action=make_not_entrant pc=0x00000000027c44d8 method=com.android.dx.rop.type.Type.equals(Ljava/lang/Object;)Z @ 8
Event: 1.181 Thread 0x0000000056b93800 Uncommon trap: reason=bimorphic action=maybe_recompile pc=0x0000000002726348 method=java.util.HashMap.getNode(ILjava/lang/Object;)Ljava/util/HashMap$Node; @ 126

Internal exceptions (4 events):
Event: 0.046 Thread 0x00000000020be000 Exception <a 'java/lang/NoSuchMethodError': Method sun.misc.Unsafe.defineClass(Ljava/lang/String;[BII)Ljava/lang/Class; name or signature does not match> (0x00000000eab0d240) thrown at [C:\workspace\8-2-build-windows-amd64-cygwin\jdk8u65\4987\hotspot\src\s‘NI'ùß?
Event: 0.046 Thread 0x00000000020be000 Exception <a 'java/lang/NoSuchMethodError': Method sun.misc.Unsafe.prefetchRead(Ljava/lang/Object;J)V name or signature does not match> (0x00000000eab0d528) thrown at [C:\workspace\8-2-build-windows-amd64-cygwin\jdk8u65\4987\hotspot\src\share\vm\prims\jni.ÇÉ¯p—´Î?
Event: 0.865 Thread 0x0000000056b93800 Implicit null exception at 0x000000000276c427 to 0x000000000276dbd1
Event: 1.179 Thread 0x0000000056b93800 Implicit null exception at 0x00000000027c43d2 to 0x00000000027c44ca

Events (10 events):
Event: 1.179 Thread 0x0000000056b93800 Uncommon trap: trap_request=0xfffffff4 fr.pc=0x00000000027c44d8
Event: 1.179 Thread 0x0000000056b93800 DEOPT PACKING pc=0x00000000027c44d8 sp=0x00000000562ce410
Event: 1.179 Thread 0x0000000056b93800 DEOPT UNPACKING pc=0x000000000250582a sp=0x00000000562ce3a8 mode 2
Event: 1.181 Thread 0x0000000056b93800 Uncommon trap: trap_request=0xffffffc6 fr.pc=0x0000000002726348
Event: 1.181 Thread 0x0000000056b93800 DEOPT PACKING pc=0x0000000002726348 sp=0x00000000562ce760
Event: 1.181 Thread 0x0000000056b93800 DEOPT UNPACKING pc=0x000000000250582a sp=0x00000000562ce6e8 mode 2
Event: 1.190 Thread 0x0000000056b8c800 DEOPT PACKING pc=0x00000000027736ef sp=0x000000005726ec70
Event: 1.190 Thread 0x0000000056b8c800 DEOPT UNPACKING pc=0x000000000250787f sp=0x000000005726ea60 mode 0
Event: 1.200 Executing VM operation: ParallelGCFailedAllocation
Event: 1.381 Executing VM operation: ParallelGCFailedAllocation done


Dynamic libraries:
0x000000013fa40000 - 0x000000013fa77000 	C:\Program Files\Java\jdk1.8.0_65\bin\java.exe
0x0000000076df0000 - 0x0000000076f99000 	C:\Windows\SYSTEM32\ntdll.dll
0x0000000076bd0000 - 0x0000000076cf0000 	C:\Windows\system32\kernel32.dll
0x000007fefcee0000 - 0x000007fefcf4c000 	C:\Windows\system32\KERNELBASE.dll
0x000007fefded0000 - 0x000007fefdfab000 	C:\Windows\system32\ADVAPI32.dll
0x000007fefe200000 - 0x000007fefe29f000 	C:\Windows\system32\msvcrt.dll
0x000007fefdfb0000 - 0x000007fefdfcf000 	C:\Windows\SYSTEM32\sechost.dll
0x000007fefdda0000 - 0x000007fefdecd000 	C:\Windows\system32\RPCRT4.dll
0x0000000076cf0000 - 0x0000000076dea000 	C:\Windows\system32\USER32.dll
0x000007feff090000 - 0x000007feff0f7000 	C:\Windows\system32\GDI32.dll
0x000007fefd0e0000 - 0x000007fefd0ee000 	C:\Windows\system32\LPK.dll
0x000007fefd010000 - 0x000007fefd0d9000 	C:\Windows\system32\USP10.dll
0x000007fefb5f0000 - 0x000007fefb7e4000 	C:\Windows\WinSxS\amd64_microsoft.windows.common-controls_6595b64144ccf1df_6.0.7601.18837_none_fa3b1e3d17594757\COMCTL32.dll
0x000007fefcf50000 - 0x000007fefcfc1000 	C:\Windows\system32\SHLWAPI.dll
0x000007fefcfd0000 - 0x000007fefcffe000 	C:\Windows\system32\IMM32.DLL
0x000007fefd320000 - 0x000007fefd429000 	C:\Windows\system32\MSCTF.dll
0x0000000055000000 - 0x00000000550d2000 	C:\Program Files\Java\jdk1.8.0_65\jre\bin\msvcr100.dll
0x00000000588f0000 - 0x0000000059179000 	C:\Program Files\Java\jdk1.8.0_65\jre\bin\server\jvm.dll
0x000007fee6690000 - 0x000007fee6699000 	C:\Windows\system32\WSOCK32.dll
0x000007fefd0f0000 - 0x000007fefd13d000 	C:\Windows\system32\WS2_32.dll
0x000007fefd000000 - 0x000007fefd008000 	C:\Windows\system32\NSI.dll
0x000007fefa740000 - 0x000007fefa77b000 	C:\Windows\system32\WINMM.dll
0x000007fefbc80000 - 0x000007fefbc8c000 	C:\Windows\system32\VERSION.dll
0x0000000076fb0000 - 0x0000000076fb7000 	C:\Windows\system32\PSAPI.DLL
0x0000000073000000 - 0x000000007300f000 	C:\Program Files\Java\jdk1.8.0_65\jre\bin\verify.dll
0x0000000060fd0000 - 0x0000000060ff9000 	C:\Program Files\Java\jdk1.8.0_65\jre\bin\java.dll
0x0000000072fe0000 - 0x0000000072ff6000 	C:\Program Files\Java\jdk1.8.0_65\jre\bin\zip.dll
0x000007fefe300000 - 0x000007feff089000 	C:\Windows\system32\SHELL32.dll
0x000007fefdfd0000 - 0x000007fefe1d3000 	C:\Windows\system32\ole32.dll
0x000007fefcb90000 - 0x000007fefcb9f000 	C:\Windows\system32\profapi.dll

VM Arguments:
jvm_args: -Xmx1024M -Dfile.encoding=windows-1252 -Duser.country=US -Duser.language=en -Duser.variant 
java_command: com.android.dx.command.Main --dex --num-threads=4 --output G:\p2\FoodReview\app\build\intermediates\pre-dexed\debug\classes-785338466f4575e4f2d361ca22454d469be1e220.jar G:\p2\FoodReview\app\build\intermediates\exploded-aar\com.android.support\design\23.1.0\jars\classes.jar
java_class_path (initial): C:\Users\Simon\AppData\Local\Android\sdk\build-tools\23.0.1\lib\dx.jar
Launcher Type: SUN_STANDARD

Environment Variables:
JAVA_HOME=C:\Program Files\Java\jdk1.8.0_65
PATH=C:\ProgramData\Oracle\Java\javapath;C:\Windows\system32;C:\Windows;C:\Windows\System32\Wbem;C:\Windows\System32\WindowsPowerShell\v1.0\;C:\Program Files\Microsoft SQL Server\110\Tools\Binn\;C:\Program Files (x86)\Windows Kits\8.0\Windows Performance Toolkit\;C:\Program Files (x86)\nodejs\;C:\Program Files\Git\cmd;C:\Users\Simon\AppData\Roaming\npm
USERNAME=Simon
OS=Windows_NT
PROCESSOR_IDENTIFIER=Intel64 Family 6 Model 60 Stepping 3, GenuineIntel



---------------  S Y S T E M  ---------------

OS: Windows 7 , 64 bit Build 7601 (6.1.7601.19018)

CPU:total 4 (2 cores per cpu, 2 threads per core) family 6 model 60 stepping 3, cmov, cx8, fxsr, mmx, sse, sse2, sse3, ssse3, sse4.1, sse4.2, popcnt, avx, avx2, aes, clmul, erms, lzcnt, ht, tsc, tscinvbit, bmi1, bmi2

Memory: 4k page, physical 8262064k(1742088k free), swap 8260228k(8336k free)

vm_info: Java HotSpot(TM) 64-Bit Server VM (25.65-b01) for windows-amd64 JRE (1.8.0_65-b17), built on Oct  6 2015 16:39:20 by "java_re" with MS VC++ 10.0 (VS2010)

time: Fri May 27 16:03:26 2016
elapsed time: 1 seconds (0d 0h 0m 1s)

